2026-05-15 04:26:13 DEBUG    keyring.backend — Loading KWallet
2026-05-15 04:26:13 DEBUG    keyring.backend — Loading SecretService
2026-05-15 04:26:13 DEBUG    keyring.backend — Loading Windows
2026-05-15 04:26:13 DEBUG    keyring.backend — Loading chainer
2026-05-15 04:26:13 DEBUG    keyring.backend — Loading libsecret
2026-05-15 04:26:13 DEBUG    keyring.backend — Loading macOS
2026-05-15 04:36:44 DEBUG    keyring.backend — Loading KWallet
2026-05-15 04:36:44 DEBUG    keyring.backend — Loading SecretService
2026-05-15 04:36:44 DEBUG    keyring.backend — Loading Windows
2026-05-15 04:36:44 DEBUG    keyring.backend — Loading chainer
2026-05-15 04:36:44 DEBUG    keyring.backend — Loading libsecret
2026-05-15 04:36:44 DEBUG    keyring.backend — Loading macOS
2026-05-15 04:37:36 DEBUG    keyring.backend — Loading KWallet
2026-05-15 04:37:36 DEBUG    keyring.backend — Loading SecretService
2026-05-15 04:37:36 DEBUG    keyring.backend — Loading Windows
2026-05-15 04:37:36 DEBUG    keyring.backend — Loading chainer
2026-05-15 04:37:36 DEBUG    keyring.backend — Loading libsecret
2026-05-15 04:37:36 DEBUG    keyring.backend — Loading macOS
2026-05-15 05:16:26 DEBUG    keyring.backend — Loading KWallet
2026-05-15 05:16:26 DEBUG    keyring.backend — Loading SecretService
2026-05-15 05:16:26 DEBUG    keyring.backend — Loading Windows
2026-05-15 05:16:26 DEBUG    keyring.backend — Loading chainer
2026-05-15 05:16:26 DEBUG    keyring.backend — Loading libsecret
2026-05-15 05:16:26 DEBUG    keyring.backend — Loading macOS
2026-05-15 05:30:43 DEBUG    keyring.backend — Loading KWallet
2026-05-15 05:30:43 DEBUG    keyring.backend — Loading SecretService
2026-05-15 05:30:43 DEBUG    keyring.backend — Loading Windows
2026-05-15 05:30:43 DEBUG    keyring.backend — Loading chainer
2026-05-15 05:30:43 DEBUG    keyring.backend — Loading libsecret
2026-05-15 05:30:43 DEBUG    keyring.backend — Loading macOS
2026-05-15 05:32:01 DEBUG    keyring.backend — Loading KWallet
2026-05-15 05:32:01 DEBUG    keyring.backend — Loading SecretService
2026-05-15 05:32:01 DEBUG    keyring.backend — Loading Windows
2026-05-15 05:32:01 DEBUG    keyring.backend — Loading chainer
2026-05-15 05:32:01 DEBUG    keyring.backend — Loading libsecret
2026-05-15 05:32:01 DEBUG    keyring.backend — Loading macOS
2026-05-15 06:11:56 DEBUG    keyring.backend — Loading KWallet
2026-05-15 06:11:56 DEBUG    keyring.backend — Loading SecretService
2026-05-15 06:11:56 DEBUG    keyring.backend — Loading Windows
2026-05-15 06:11:56 DEBUG    keyring.backend — Loading chainer
2026-05-15 06:11:56 DEBUG    keyring.backend — Loading libsecret
2026-05-15 06:11:56 DEBUG    keyring.backend — Loading macOS
2026-05-15 06:14:28 DEBUG    keyring.backend — Loading KWallet
2026-05-15 06:14:28 DEBUG    keyring.backend — Loading SecretService
2026-05-15 06:14:28 DEBUG    keyring.backend — Loading Windows
2026-05-15 06:14:28 DEBUG    keyring.backend — Loading chainer
2026-05-15 06:14:28 DEBUG    keyring.backend — Loading libsecret
2026-05-15 06:14:28 DEBUG    keyring.backend — Loading macOS
2026-05-15 06:14:47 DEBUG    keyring.backend — Loading KWallet
2026-05-15 06:14:47 DEBUG    keyring.backend — Loading SecretService
2026-05-15 06:14:47 DEBUG    keyring.backend — Loading Windows
2026-05-15 06:14:47 DEBUG    keyring.backend — Loading chainer
2026-05-15 06:14:47 DEBUG    keyring.backend — Loading libsecret
2026-05-15 06:14:47 DEBUG    keyring.backend — Loading macOS
2026-05-15 07:03:49 DEBUG    keyring.backend — Loading KWallet
2026-05-15 07:03:49 DEBUG    keyring.backend — Loading SecretService
2026-05-15 07:03:49 DEBUG    keyring.backend — Loading Windows
2026-05-15 07:03:49 DEBUG    keyring.backend — Loading chainer
2026-05-15 07:03:49 DEBUG    keyring.backend — Loading libsecret
2026-05-15 07:03:49 DEBUG    keyring.backend — Loading macOS
2026-05-15 07:04:24 DEBUG    keyring.backend — Loading KWallet
2026-05-15 07:04:24 DEBUG    keyring.backend — Loading SecretService
2026-05-15 07:04:24 DEBUG    keyring.backend — Loading Windows
2026-05-15 07:04:24 DEBUG    keyring.backend — Loading chainer
2026-05-15 07:04:24 DEBUG    keyring.backend — Loading libsecret
2026-05-15 07:04:24 DEBUG    keyring.backend — Loading macOS
2026-05-15 07:06:33 DEBUG    keyring.backend — Loading KWallet
2026-05-15 07:06:33 DEBUG    keyring.backend — Loading SecretService
2026-05-15 07:06:33 DEBUG    keyring.backend — Loading Windows
2026-05-15 07:06:33 DEBUG    keyring.backend — Loading chainer
2026-05-15 07:06:33 DEBUG    keyring.backend — Loading libsecret
2026-05-15 07:06:33 DEBUG    keyring.backend — Loading macOS
2026-05-15 07:16:56 DEBUG    keyring.backend — Loading KWallet
2026-05-15 07:16:56 DEBUG    keyring.backend — Loading SecretService
2026-05-15 07:16:56 DEBUG    keyring.backend — Loading Windows
2026-05-15 07:16:56 DEBUG    keyring.backend — Loading chainer
2026-05-15 07:16:56 DEBUG    keyring.backend — Loading libsecret
2026-05-15 07:16:56 DEBUG    keyring.backend — Loading macOS
2026-05-15 14:43:34 DEBUG    keyring.backend — Loading KWallet
2026-05-15 14:43:34 DEBUG    keyring.backend — Loading SecretService
2026-05-15 14:43:34 DEBUG    keyring.backend — Loading Windows
2026-05-15 14:43:34 DEBUG    keyring.backend — Loading chainer
2026-05-15 14:43:34 DEBUG    keyring.backend — Loading libsecret
2026-05-15 14:43:34 DEBUG    keyring.backend — Loading macOS
2026-05-15 17:32:31 DEBUG    keyring.backend — Loading KWallet
2026-05-15 17:32:31 DEBUG    keyring.backend — Loading SecretService
2026-05-15 17:32:31 DEBUG    keyring.backend — Loading Windows
2026-05-15 17:32:31 DEBUG    keyring.backend — Loading chainer
2026-05-15 17:32:31 DEBUG    keyring.backend — Loading libsecret
2026-05-15 17:32:31 DEBUG    keyring.backend — Loading macOS
2026-05-15 17:44:57 DEBUG    keyring.backend — Loading KWallet
2026-05-15 17:44:57 DEBUG    keyring.backend — Loading SecretService
2026-05-15 17:44:57 DEBUG    keyring.backend — Loading Windows
2026-05-15 17:44:57 DEBUG    keyring.backend — Loading chainer
2026-05-15 17:44:57 DEBUG    keyring.backend — Loading libsecret
2026-05-15 17:44:57 DEBUG    keyring.backend — Loading macOS
2026-05-15 17:48:15 DEBUG    keyring.backend — Loading KWallet
2026-05-15 17:48:15 DEBUG    keyring.backend — Loading SecretService
2026-05-15 17:48:15 DEBUG    keyring.backend — Loading Windows
2026-05-15 17:48:15 DEBUG    keyring.backend — Loading chainer
2026-05-15 17:48:15 DEBUG    keyring.backend — Loading libsecret
2026-05-15 17:48:15 DEBUG    keyring.backend — Loading macOS
2026-05-15 18:09:24 DEBUG    keyring.backend — Loading KWallet
2026-05-15 18:09:24 DEBUG    keyring.backend — Loading SecretService
2026-05-15 18:09:24 DEBUG    keyring.backend — Loading Windows
2026-05-15 18:09:24 DEBUG    keyring.backend — Loading chainer
2026-05-15 18:09:24 DEBUG    keyring.backend — Loading libsecret
2026-05-15 18:09:24 DEBUG    keyring.backend — Loading macOS
2026-05-15 18:21:56 DEBUG    keyring.backend — Loading KWallet
2026-05-15 18:21:56 DEBUG    keyring.backend — Loading SecretService
2026-05-15 18:21:56 DEBUG    keyring.backend — Loading Windows
2026-05-15 18:21:56 DEBUG    keyring.backend — Loading chainer
2026-05-15 18:21:56 DEBUG    keyring.backend — Loading libsecret
2026-05-15 18:21:56 DEBUG    keyring.backend — Loading macOS
